{"error":"Invalid URL","level":"error","message":"❌ Database connection failed:","service":"yimmenu-auth","timestamp":"2026-02-25 14:04:30"}
{"env":"development","level":"info","message":"🚀 YimMenu Auth Server starting","nodeVersion":"v20.18.1","port":"3000","service":"yimmenu-auth","timestamp":"2026-02-25 14:04:30"}
{"error":"Invalid URL","level":"error","message":"❌ Database connection failed:","service":"yimmenu-auth","timestamp":"2026-02-25 14:04:35"}
{"error":"Invalid URL","level":"error","message":"❌ Database connection failed:","service":"yimmenu-auth","timestamp":"2026-02-25 14:04:40"}
{"error":"Invalid URL","level":"error","message":"❌ Database connection failed:","service":"yimmenu-auth","timestamp":"2026-02-25 14:04:45"}
{"error":"Invalid URL","level":"error","message":"❌ Database connection failed:","service":"yimmenu-auth","timestamp":"2026-02-25 14:04:50"}
{"error":"Invalid URL","level":"error","message":"❌ Database connection failed:","service":"yimmenu-auth","timestamp":"2026-02-25 14:04:55"}
{"error":"Invalid URL","level":"error","message":"❌ Database connection failed:","service":"yimmenu-auth","timestamp":"2026-02-25 14:05:00"}
{"error":"Invalid URL","level":"error","message":"❌ Database connection failed:","service":"yimmenu-auth","timestamp":"2026-02-25 14:05:05"}
{"error":"Invalid URL","level":"error","message":"❌ Database connection failed:","service":"yimmenu-auth","timestamp":"2026-02-25 14:05:11"}
{"error":"Invalid URL","level":"error","message":"❌ Database connection failed:","service":"yimmenu-auth","timestamp":"2026-02-25 14:05:16"}
{"error":"Invalid URL","level":"error","message":"❌ Database connection failed:","service":"yimmenu-auth","timestamp":"2026-02-25 14:05:21"}
{"error":"Invalid URL","level":"error","message":"❌ Database connection failed:","service":"yimmenu-auth","timestamp":"2026-02-25 14:05:26"}
{"error":"Invalid URL","level":"error","message":"❌ Database connection failed:","service":"yimmenu-auth","timestamp":"2026-02-25 14:05:31"}
{"error":"Invalid URL","level":"error","message":"❌ Database connection failed:","service":"yimmenu-auth","timestamp":"2026-02-25 14:05:36"}
{"error":"Invalid URL","level":"error","message":"❌ Database connection failed:","service":"yimmenu-auth","timestamp":"2026-02-25 14:05:41"}
{"error":"Invalid URL","level":"error","message":"❌ Database connection failed:","service":"yimmenu-auth","timestamp":"2026-02-25 14:05:46"}
{"error":"Invalid URL","level":"error","message":"❌ Database connection failed:","service":"yimmenu-auth","timestamp":"2026-02-25 14:05:51"}
{"error":"Invalid URL","level":"error","message":"❌ Database connection failed:","service":"yimmenu-auth","timestamp":"2026-02-25 14:05:56"}
{"error":"Invalid URL","level":"error","message":"❌ Database connection failed:","service":"yimmenu-auth","timestamp":"2026-02-25 14:06:01"}
{"error":"Invalid URL","level":"error","message":"❌ Database connection failed:","service":"yimmenu-auth","timestamp":"2026-02-25 14:06:06"}
{"error":"Invalid URL","level":"error","message":"❌ Database connection failed:","service":"yimmenu-auth","timestamp":"2026-02-25 14:06:11"}
{"error":"Invalid URL","level":"error","message":"❌ Database connection failed:","service":"yimmenu-auth","timestamp":"2026-02-25 14:06:16"}
{"error":"Invalid URL","level":"error","message":"❌ Database connection failed:","service":"yimmenu-auth","timestamp":"2026-02-25 14:06:21"}
{"error":"Invalid URL","level":"error","message":"❌ Database connection failed:","service":"yimmenu-auth","timestamp":"2026-02-25 14:06:26"}
{"error":"Invalid URL","level":"error","message":"❌ Database connection failed:","service":"yimmenu-auth","timestamp":"2026-02-25 14:06:31"}
{"error":"Invalid URL","level":"error","message":"❌ Database connection failed:","service":"yimmenu-auth","timestamp":"2026-02-25 14:06:36"}
{"error":"Invalid URL","level":"error","message":"❌ Database connection failed:","service":"yimmenu-auth","timestamp":"2026-02-25 14:06:41"}
{"error":"Invalid URL","level":"error","message":"❌ Database connection failed:","service":"yimmenu-auth","timestamp":"2026-02-25 14:06:46"}
{"error":"Invalid URL","level":"error","message":"❌ Database connection failed:","service":"yimmenu-auth","timestamp":"2026-02-25 14:06:51"}
{"error":"Invalid URL","level":"error","message":"❌ Database connection failed:","service":"yimmenu-auth","timestamp":"2026-02-25 14:06:56"}
{"count":5,"ip":"127.0.0.1","level":"info","message":"Generate keys requested","privilege":3,"service":"yimmenu-auth","timestamp":"2026-02-25 14:07:00"}
{"error":"Invalid URL","level":"error","message":"Generate keys error:","service":"yimmenu-auth","stack":"TypeError: Invalid URL\n    at new URL (node:internal/url:806:29)\n    at parse (C:\\Users\\Serch\\Documents\\GitHub\\Yimmenu\\YimMenu\\node_modules\\pg-connection-string\\index.js:30:16)\n    at new ConnectionParameters (C:\\Users\\Serch\\Documents\\GitHub\\Yimmenu\\YimMenu\\node_modules\\pg\\lib\\connection-parameters.js:60:42)\n    at new Client (C:\\Users\\Serch\\Documents\\GitHub\\Yimmenu\\YimMenu\\node_modules\\pg\\lib\\client.js:43:33)\n    at BoundPool.newClient (C:\\Users\\Serch\\Documents\\GitHub\\Yimmenu\\YimMenu\\node_modules\\pg-pool\\index.js:233:20)\n    at BoundPool.connect (C:\\Users\\Serch\\Documents\\GitHub\\Yimmenu\\YimMenu\\node_modules\\pg-pool\\index.js:227:10)\n    at BoundPool.query (C:\\Users\\Serch\\Documents\\GitHub\\Yimmenu\\YimMenu\\node_modules\\pg-pool\\index.js:419:10)\n    at C:\\Users\\Serch\\Documents\\GitHub\\Yimmenu\\YimMenu\\server.js:696:22\n    at Layer.handle [as handle_request] (C:\\Users\\Serch\\Documents\\GitHub\\Yimmenu\\YimMenu\\node_modules\\express\\lib\\router\\layer.js:95:5)\n    at next (C:\\Users\\Serch\\Documents\\GitHub\\Yimmenu\\YimMenu\\node_modules\\express\\lib\\router\\route.js:149:13)","timestamp":"2026-02-25 14:07:00"}
{"error":"Invalid URL","level":"error","message":"❌ Database connection failed:","service":"yimmenu-auth","timestamp":"2026-02-25 14:07:01"}
{"error":"Invalid URL","level":"error","message":"❌ Database connection failed:","service":"yimmenu-auth","timestamp":"2026-02-25 14:07:06"}
{"error":"Invalid URL","level":"error","message":"❌ Database connection failed:","service":"yimmenu-auth","timestamp":"2026-02-25 14:07:11"}
{"error":"Invalid URL","level":"error","message":"❌ Database connection failed:","service":"yimmenu-auth","timestamp":"2026-02-25 14:07:16"}
{"error":"Invalid URL","level":"error","message":"❌ Database connection failed:","service":"yimmenu-auth","timestamp":"2026-02-25 14:07:21"}
{"error":"Invalid URL","level":"error","message":"❌ Database connection failed:","service":"yimmenu-auth","timestamp":"2026-02-25 14:07:26"}
{"error":"Invalid URL","level":"error","message":"❌ Database connection failed:","service":"yimmenu-auth","timestamp":"2026-02-25 14:07:31"}
{"error":"Invalid URL","level":"error","message":"❌ Database connection failed:","service":"yimmenu-auth","timestamp":"2026-02-25 14:07:36"}
{"error":"Invalid URL","level":"error","message":"❌ Database connection failed:","service":"yimmenu-auth","timestamp":"2026-02-25 14:07:41"}
{"error":"Invalid URL","level":"error","message":"❌ Database connection failed:","service":"yimmenu-auth","timestamp":"2026-02-25 14:07:46"}
{"error":"Invalid URL","level":"error","message":"❌ Database connection failed:","service":"yimmenu-auth","timestamp":"2026-02-25 14:07:51"}
{"error":"Invalid URL","level":"error","message":"❌ Database connection failed:","service":"yimmenu-auth","timestamp":"2026-02-25 14:07:56"}
{"error":"Invalid URL","level":"error","message":"❌ Database connection failed:","service":"yimmenu-auth","timestamp":"2026-02-25 14:08:01"}
{"error":"Invalid URL","level":"error","message":"❌ Database connection failed:","service":"yimmenu-auth","timestamp":"2026-02-25 14:08:06"}
{"error":"Invalid URL","level":"error","message":"❌ Database connection failed:","service":"yimmenu-auth","timestamp":"2026-02-25 14:08:11"}
{"error":"Invalid URL","level":"error","message":"❌ Database connection failed:","service":"yimmenu-auth","timestamp":"2026-02-25 14:08:16"}
{"error":"Invalid URL","level":"error","message":"❌ Database connection failed:","service":"yimmenu-auth","timestamp":"2026-02-25 14:08:21"}
{"error":"Invalid URL","level":"error","message":"❌ Database connection failed:","service":"yimmenu-auth","timestamp":"2026-02-25 14:08:26"}
{"error":"Invalid URL","level":"error","message":"❌ Database connection failed:","service":"yimmenu-auth","timestamp":"2026-02-25 14:08:31"}
{"error":"Invalid URL","level":"error","message":"❌ Database connection failed:","service":"yimmenu-auth","timestamp":"2026-02-25 14:08:36"}
{"error":"Invalid URL","level":"error","message":"❌ Database connection failed:","service":"yimmenu-auth","timestamp":"2026-02-25 14:08:41"}
{"error":"Invalid URL","level":"error","message":"❌ Database connection failed:","service":"yimmenu-auth","timestamp":"2026-02-25 14:08:46"}
{"error":"Invalid URL","level":"error","message":"❌ Database connection failed:","service":"yimmenu-auth","timestamp":"2026-02-25 14:08:51"}
{"error":"Invalid URL","level":"error","message":"❌ Database connection failed:","service":"yimmenu-auth","timestamp":"2026-02-25 14:08:56"}
{"error":"Invalid URL","level":"error","message":"❌ Database connection failed:","service":"yimmenu-auth","timestamp":"2026-02-25 14:09:01"}
{"error":"Invalid URL","level":"error","message":"❌ Database connection failed:","service":"yimmenu-auth","timestamp":"2026-02-25 14:09:06"}
{"error":"Invalid URL","level":"error","message":"❌ Database connection failed:","service":"yimmenu-auth","timestamp":"2026-02-25 14:09:11"}
{"error":"Invalid URL","level":"error","message":"❌ Database connection failed:","service":"yimmenu-auth","timestamp":"2026-02-25 14:09:16"}
{"error":"Invalid URL","level":"error","message":"❌ Database connection failed:","service":"yimmenu-auth","timestamp":"2026-02-25 14:09:21"}
{"error":"Invalid URL","level":"error","message":"❌ Database connection failed:","service":"yimmenu-auth","timestamp":"2026-02-25 14:09:26"}
{"error":"Invalid URL","level":"error","message":"❌ Database connection failed:","service":"yimmenu-auth","timestamp":"2026-02-25 14:09:31"}
{"error":"Invalid URL","level":"error","message":"❌ Database connection failed:","service":"yimmenu-auth","timestamp":"2026-02-25 14:09:36"}
{"error":"Invalid URL","level":"error","message":"❌ Database connection failed:","service":"yimmenu-auth","timestamp":"2026-02-25 14:09:41"}
{"error":"Invalid URL","level":"error","message":"❌ Database connection failed:","service":"yimmenu-auth","timestamp":"2026-02-25 14:09:46"}
{"error":"Invalid URL","level":"error","message":"❌ Database connection failed:","service":"yimmenu-auth","timestamp":"2026-02-25 14:09:51"}
{"error":"Invalid URL","level":"error","message":"❌ Database connection failed:","service":"yimmenu-auth","timestamp":"2026-02-25 14:09:56"}
{"error":"Invalid URL","level":"error","message":"❌ Database connection failed:","service":"yimmenu-auth","timestamp":"2026-02-25 14:10:01"}
{"error":"Invalid URL","level":"error","message":"❌ Database connection failed:","service":"yimmenu-auth","timestamp":"2026-02-25 14:10:06"}
{"error":"Invalid URL","level":"error","message":"❌ Database connection failed:","service":"yimmenu-auth","timestamp":"2026-02-25 14:10:11"}
{"error":"Invalid URL","level":"error","message":"❌ Database connection failed:","service":"yimmenu-auth","timestamp":"2026-02-25 14:10:16"}
{"error":"Invalid URL","level":"error","message":"❌ Database connection failed:","service":"yimmenu-auth","timestamp":"2026-02-25 14:10:21"}
{"error":"Invalid URL","level":"error","message":"❌ Database connection failed:","service":"yimmenu-auth","timestamp":"2026-02-25 14:10:26"}
{"error":"Invalid URL","level":"error","message":"❌ Database connection failed:","service":"yimmenu-auth","timestamp":"2026-02-25 14:10:31"}
{"error":"Invalid URL","level":"error","message":"❌ Database connection failed:","service":"yimmenu-auth","timestamp":"2026-02-25 14:10:36"}
{"error":"Invalid URL","level":"error","message":"❌ Database connection failed:","service":"yimmenu-auth","timestamp":"2026-02-25 14:10:41"}
{"error":"Invalid URL","level":"error","message":"❌ Database connection failed:","service":"yimmenu-auth","timestamp":"2026-02-25 14:10:46"}
{"error":"Invalid URL","level":"error","message":"❌ Database connection failed:","service":"yimmenu-auth","timestamp":"2026-02-25 14:10:51"}
{"error":"Invalid URL","level":"error","message":"❌ Database connection failed:","service":"yimmenu-auth","timestamp":"2026-02-25 14:10:56"}
{"error":"Invalid URL","level":"error","message":"❌ Database connection failed:","service":"yimmenu-auth","timestamp":"2026-02-25 14:11:01"}
{"error":"Invalid URL","level":"error","message":"❌ Database connection failed:","service":"yimmenu-auth","timestamp":"2026-02-25 14:11:06"}
{"error":"Invalid URL","level":"error","message":"❌ Database connection failed:","service":"yimmenu-auth","timestamp":"2026-02-25 14:11:11"}
{"error":"Invalid URL","level":"error","message":"❌ Database connection failed:","service":"yimmenu-auth","timestamp":"2026-02-25 14:11:16"}
{"error":"Invalid URL","level":"error","message":"❌ Database connection failed:","service":"yimmenu-auth","timestamp":"2026-02-25 14:11:21"}
{"error":"Invalid URL","level":"error","message":"❌ Database connection failed:","service":"yimmenu-auth","timestamp":"2026-02-25 14:11:26"}
{"error":"Invalid URL","level":"error","message":"❌ Database connection failed:","service":"yimmenu-auth","timestamp":"2026-02-25 14:11:31"}
{"error":"Invalid URL","level":"error","message":"❌ Database connection failed:","service":"yimmenu-auth","timestamp":"2026-02-25 14:11:36"}
{"error":"Invalid URL","level":"error","message":"❌ Database connection failed:","service":"yimmenu-auth","timestamp":"2026-02-25 14:11:41"}
{"error":"Invalid URL","level":"error","message":"❌ Database connection failed:","service":"yimmenu-auth","timestamp":"2026-02-25 14:11:46"}
{"error":"Invalid URL","level":"error","message":"❌ Database connection failed:","service":"yimmenu-auth","timestamp":"2026-02-25 14:11:51"}
{"error":"Invalid URL","level":"error","message":"❌ Database connection failed:","service":"yimmenu-auth","timestamp":"2026-02-25 14:11:56"}
{"error":"Invalid URL","level":"error","message":"❌ Database connection failed:","service":"yimmenu-auth","timestamp":"2026-02-25 14:12:01"}
{"error":"Invalid URL","level":"error","message":"❌ Database connection failed:","service":"yimmenu-auth","timestamp":"2026-02-25 14:12:06"}
{"error":"Invalid URL","level":"error","message":"❌ Database connection failed:","service":"yimmenu-auth","timestamp":"2026-02-25 14:12:11"}
{"error":"Invalid URL","level":"error","message":"❌ Database connection failed:","service":"yimmenu-auth","timestamp":"2026-02-25 14:12:16"}
{"error":"Invalid URL","level":"error","message":"❌ Database connection failed:","service":"yimmenu-auth","timestamp":"2026-02-25 14:12:21"}
{"error":"Invalid URL","level":"error","message":"❌ Database connection failed:","service":"yimmenu-auth","timestamp":"2026-02-25 14:12:26"}
{"error":"Invalid URL","level":"error","message":"❌ Database connection failed:","service":"yimmenu-auth","timestamp":"2026-02-25 14:12:31"}
{"error":"Invalid URL","level":"error","message":"❌ Database connection failed:","service":"yimmenu-auth","timestamp":"2026-02-25 14:12:36"}
{"error":"Invalid URL","level":"error","message":"❌ Database connection failed:","service":"yimmenu-auth","timestamp":"2026-02-25 14:12:41"}
{"error":"Invalid URL","level":"error","message":"❌ Database connection failed:","service":"yimmenu-auth","timestamp":"2026-02-25 14:12:46"}
{"error":"Invalid URL","level":"error","message":"❌ Database connection failed:","service":"yimmenu-auth","timestamp":"2026-02-25 14:12:51"}
{"error":"Invalid URL","level":"error","message":"❌ Database connection failed:","service":"yimmenu-auth","timestamp":"2026-02-25 14:12:56"}
{"error":"Invalid URL","level":"error","message":"❌ Database connection failed:","service":"yimmenu-auth","timestamp":"2026-02-25 14:13:01"}
{"error":"Invalid URL","level":"error","message":"❌ Database connection failed:","service":"yimmenu-auth","timestamp":"2026-02-25 14:13:06"}
{"error":"Invalid URL","level":"error","message":"❌ Database connection failed:","service":"yimmenu-auth","timestamp":"2026-02-25 14:13:11"}
{"error":"Invalid URL","level":"error","message":"❌ Database connection failed:","service":"yimmenu-auth","timestamp":"2026-02-25 14:13:16"}
{"error":"Invalid URL","level":"error","message":"❌ Database connection failed:","service":"yimmenu-auth","timestamp":"2026-02-25 14:13:21"}
{"error":"Invalid URL","level":"error","message":"❌ Database connection failed:","service":"yimmenu-auth","timestamp":"2026-02-25 14:13:26"}
{"error":"Invalid URL","level":"error","message":"❌ Database connection failed:","service":"yimmenu-auth","timestamp":"2026-02-25 14:13:31"}
{"error":"Invalid URL","level":"error","message":"❌ Database connection failed:","service":"yimmenu-auth","timestamp":"2026-02-25 14:13:36"}
{"error":"Invalid URL","level":"error","message":"❌ Database connection failed:","service":"yimmenu-auth","timestamp":"2026-02-25 14:13:41"}
{"error":"Invalid URL","level":"error","message":"❌ Database connection failed:","service":"yimmenu-auth","timestamp":"2026-02-25 14:13:46"}
{"error":"Invalid URL","level":"error","message":"❌ Database connection failed:","service":"yimmenu-auth","timestamp":"2026-02-25 14:13:51"}
{"error":"Invalid URL","level":"error","message":"❌ Database connection failed:","service":"yimmenu-auth","timestamp":"2026-02-25 14:13:56"}
{"error":"Invalid URL","level":"error","message":"❌ Database connection failed:","service":"yimmenu-auth","timestamp":"2026-02-25 14:14:01"}
{"error":"Invalid URL","level":"error","message":"❌ Database connection failed:","service":"yimmenu-auth","timestamp":"2026-02-25 14:14:06"}
{"error":"Invalid URL","level":"error","message":"❌ Database connection failed:","service":"yimmenu-auth","timestamp":"2026-02-25 14:14:11"}
{"error":"Invalid URL","level":"error","message":"❌ Database connection failed:","service":"yimmenu-auth","timestamp":"2026-02-25 14:14:16"}
{"error":"Invalid URL","level":"error","message":"❌ Database connection failed:","service":"yimmenu-auth","timestamp":"2026-02-25 14:14:21"}
{"error":"Invalid URL","level":"error","message":"❌ Database connection failed:","service":"yimmenu-auth","timestamp":"2026-02-25 14:14:26"}
{"error":"Invalid URL","level":"error","message":"❌ Database connection failed:","service":"yimmenu-auth","timestamp":"2026-02-25 14:14:31"}
{"error":"Invalid URL","level":"error","message":"❌ Database connection failed:","service":"yimmenu-auth","timestamp":"2026-02-25 14:14:36"}
{"error":"Invalid URL","level":"error","message":"❌ Database connection failed:","service":"yimmenu-auth","timestamp":"2026-02-25 14:14:41"}
{"error":"Invalid URL","level":"error","message":"❌ Database connection failed:","service":"yimmenu-auth","timestamp":"2026-02-25 14:14:46"}
{"error":"Invalid URL","level":"error","message":"❌ Database connection failed:","service":"yimmenu-auth","timestamp":"2026-02-25 14:14:51"}
{"error":"Invalid URL","level":"error","message":"❌ Database connection failed:","service":"yimmenu-auth","timestamp":"2026-02-25 14:14:56"}
{"error":"Invalid URL","level":"error","message":"❌ Database connection failed:","service":"yimmenu-auth","timestamp":"2026-02-25 14:15:01"}
{"error":"Invalid URL","level":"error","message":"❌ Database connection failed:","service":"yimmenu-auth","timestamp":"2026-02-25 14:15:06"}
{"error":"Invalid URL","level":"error","message":"❌ Database connection failed:","service":"yimmenu-auth","timestamp":"2026-02-25 14:15:11"}
{"error":"Invalid URL","level":"error","message":"❌ Database connection failed:","service":"yimmenu-auth","timestamp":"2026-02-25 14:15:16"}
{"error":"Invalid URL","level":"error","message":"❌ Database connection failed:","service":"yimmenu-auth","timestamp":"2026-02-25 14:15:21"}
{"error":"Invalid URL","level":"error","message":"❌ Database connection failed:","service":"yimmenu-auth","timestamp":"2026-02-25 14:15:26"}
{"error":"Invalid URL","level":"error","message":"❌ Database connection failed:","service":"yimmenu-auth","timestamp":"2026-02-25 14:15:32"}
{"error":"Invalid URL","level":"error","message":"❌ Database connection failed:","service":"yimmenu-auth","timestamp":"2026-02-25 14:15:37"}
{"error":"Invalid URL","level":"error","message":"❌ Database connection failed:","service":"yimmenu-auth","timestamp":"2026-02-25 14:15:42"}
{"error":"Invalid URL","level":"error","message":"❌ Database connection failed:","service":"yimmenu-auth","timestamp":"2026-02-25 14:15:47"}
{"error":"Invalid URL","level":"error","message":"❌ Database connection failed:","service":"yimmenu-auth","timestamp":"2026-02-25 14:15:52"}
{"error":"Invalid URL","level":"error","message":"❌ Database connection failed:","service":"yimmenu-auth","timestamp":"2026-02-25 14:15:57"}
{"error":"Invalid URL","level":"error","message":"❌ Database connection failed:","service":"yimmenu-auth","timestamp":"2026-02-25 14:16:02"}
{"error":"Invalid URL","level":"error","message":"❌ Database connection failed:","service":"yimmenu-auth","timestamp":"2026-02-25 14:16:07"}
{"error":"Invalid URL","level":"error","message":"❌ Database connection failed:","service":"yimmenu-auth","timestamp":"2026-02-25 14:16:12"}
{"error":"Invalid URL","level":"error","message":"❌ Database connection failed:","service":"yimmenu-auth","timestamp":"2026-02-25 14:16:17"}
{"error":"Invalid URL","level":"error","message":"❌ Database connection failed:","service":"yimmenu-auth","timestamp":"2026-02-25 14:16:22"}
{"error":"Invalid URL","level":"error","message":"❌ Database connection failed:","service":"yimmenu-auth","timestamp":"2026-02-25 14:16:27"}
{"error":"Invalid URL","level":"error","message":"❌ Database connection failed:","service":"yimmenu-auth","timestamp":"2026-02-25 14:16:32"}
{"error":"Invalid URL","level":"error","message":"❌ Database connection failed:","service":"yimmenu-auth","timestamp":"2026-02-25 14:16:37"}
{"error":"Invalid URL","level":"error","message":"❌ Database connection failed:","service":"yimmenu-auth","timestamp":"2026-02-25 14:16:42"}
{"error":"Invalid URL","level":"error","message":"❌ Database connection failed:","service":"yimmenu-auth","timestamp":"2026-02-25 14:16:47"}
{"error":"Invalid URL","level":"error","message":"❌ Database connection failed:","service":"yimmenu-auth","timestamp":"2026-02-25 14:16:52"}
{"error":"Invalid URL","level":"error","message":"❌ Database connection failed:","service":"yimmenu-auth","timestamp":"2026-02-25 14:16:57"}
{"error":"Invalid URL","level":"error","message":"❌ Database connection failed:","service":"yimmenu-auth","timestamp":"2026-02-25 14:17:02"}
{"error":"Invalid URL","level":"error","message":"❌ Database connection failed:","service":"yimmenu-auth","timestamp":"2026-02-25 14:17:07"}
{"error":"Invalid URL","level":"error","message":"❌ Database connection failed:","service":"yimmenu-auth","timestamp":"2026-02-25 14:17:12"}
{"error":"Invalid URL","level":"error","message":"❌ Database connection failed:","service":"yimmenu-auth","timestamp":"2026-02-25 14:17:17"}
{"error":"Invalid URL","level":"error","message":"❌ Database connection failed:","service":"yimmenu-auth","timestamp":"2026-02-25 14:17:22"}
{"error":"Invalid URL","level":"error","message":"❌ Database connection failed:","service":"yimmenu-auth","timestamp":"2026-02-25 14:17:27"}
{"error":"Invalid URL","level":"error","message":"❌ Database connection failed:","service":"yimmenu-auth","timestamp":"2026-02-25 14:17:32"}
{"error":"Invalid URL","level":"error","message":"❌ Database connection failed:","service":"yimmenu-auth","timestamp":"2026-02-25 14:17:37"}
{"error":"Invalid URL","level":"error","message":"❌ Database connection failed:","service":"yimmenu-auth","timestamp":"2026-02-25 14:17:42"}
{"error":"Invalid URL","level":"error","message":"❌ Database connection failed:","service":"yimmenu-auth","timestamp":"2026-02-25 14:17:47"}
{"error":"Invalid URL","level":"error","message":"❌ Database connection failed:","service":"yimmenu-auth","timestamp":"2026-02-25 14:17:52"}
{"error":"Invalid URL","level":"error","message":"❌ Database connection failed:","service":"yimmenu-auth","timestamp":"2026-02-25 14:17:57"}
{"error":"Invalid URL","level":"error","message":"❌ Database connection failed:","service":"yimmenu-auth","timestamp":"2026-02-25 14:18:02"}
{"error":"Invalid URL","level":"error","message":"❌ Database connection failed:","service":"yimmenu-auth","timestamp":"2026-02-25 14:18:07"}
{"error":"Invalid URL","level":"error","message":"❌ Database connection failed:","service":"yimmenu-auth","timestamp":"2026-02-25 14:18:12"}
{"error":"Invalid URL","level":"error","message":"❌ Database connection failed:","service":"yimmenu-auth","timestamp":"2026-02-25 14:18:17"}
{"error":"Invalid URL","level":"error","message":"❌ Database connection failed:","service":"yimmenu-auth","timestamp":"2026-02-25 14:18:22"}
{"error":"Invalid URL","level":"error","message":"❌ Database connection failed:","service":"yimmenu-auth","timestamp":"2026-02-25 14:18:27"}
{"error":"Invalid URL","level":"error","message":"❌ Database connection failed:","service":"yimmenu-auth","timestamp":"2026-02-25 14:18:32"}
{"error":"Invalid URL","level":"error","message":"❌ Database connection failed:","service":"yimmenu-auth","timestamp":"2026-02-25 14:18:37"}
{"error":"Invalid URL","level":"error","message":"❌ Database connection failed:","service":"yimmenu-auth","timestamp":"2026-02-25 14:18:42"}
{"error":"Invalid URL","level":"error","message":"❌ Database connection failed:","service":"yimmenu-auth","timestamp":"2026-02-25 14:18:47"}
{"error":"Invalid URL","level":"error","message":"❌ Database connection failed:","service":"yimmenu-auth","timestamp":"2026-02-25 14:18:52"}
{"error":"Invalid URL","level":"error","message":"❌ Database connection failed:","service":"yimmenu-auth","timestamp":"2026-02-25 14:18:57"}
{"error":"Invalid URL","level":"error","message":"❌ Database connection failed:","service":"yimmenu-auth","timestamp":"2026-02-25 14:19:02"}
{"error":"Invalid URL","level":"error","message":"❌ Database connection failed:","service":"yimmenu-auth","timestamp":"2026-02-25 14:19:07"}
{"error":"Invalid URL","level":"error","message":"❌ Database connection failed:","service":"yimmenu-auth","timestamp":"2026-02-25 14:19:12"}
{"error":"Invalid URL","level":"error","message":"❌ Database connection failed:","service":"yimmenu-auth","timestamp":"2026-02-25 14:19:17"}
{"error":"Invalid URL","level":"error","message":"❌ Database connection failed:","service":"yimmenu-auth","timestamp":"2026-02-25 14:19:22"}
{"error":"Invalid URL","level":"error","message":"❌ Database connection failed:","service":"yimmenu-auth","timestamp":"2026-02-25 14:19:27"}
{"error":"Invalid URL","level":"error","message":"❌ Database connection failed:","service":"yimmenu-auth","timestamp":"2026-02-25 14:19:32"}
{"error":"Invalid URL","level":"error","message":"❌ Database connection failed:","service":"yimmenu-auth","timestamp":"2026-02-25 14:19:37"}
{"error":"Invalid URL","level":"error","message":"❌ Database connection failed:","service":"yimmenu-auth","timestamp":"2026-02-25 14:19:42"}
{"error":"Invalid URL","level":"error","message":"❌ Database connection failed:","service":"yimmenu-auth","timestamp":"2026-02-25 14:19:47"}
{"error":"Invalid URL","level":"error","message":"❌ Database connection failed:","service":"yimmenu-auth","timestamp":"2026-02-25 14:19:52"}
{"error":"Invalid URL","level":"error","message":"❌ Database connection failed:","service":"yimmenu-auth","timestamp":"2026-02-25 14:19:57"}
{"error":"Invalid URL","level":"error","message":"❌ Database connection failed:","service":"yimmenu-auth","timestamp":"2026-02-25 14:20:02"}
{"error":"Invalid URL","level":"error","message":"❌ Database connection failed:","service":"yimmenu-auth","timestamp":"2026-02-25 14:20:07"}
{"error":"Invalid URL","level":"error","message":"❌ Database connection failed:","service":"yimmenu-auth","timestamp":"2026-02-25 14:20:12"}
{"error":"Invalid URL","level":"error","message":"❌ Database connection failed:","service":"yimmenu-auth","timestamp":"2026-02-25 14:20:17"}
{"error":"Invalid URL","level":"error","message":"❌ Database connection failed:","service":"yimmenu-auth","timestamp":"2026-02-25 14:20:22"}
{"error":"Invalid URL","level":"error","message":"❌ Database connection failed:","service":"yimmenu-auth","timestamp":"2026-02-25 14:20:27"}
{"error":"Invalid URL","level":"error","message":"❌ Database connection failed:","service":"yimmenu-auth","timestamp":"2026-02-25 14:20:32"}
{"error":"Invalid URL","level":"error","message":"❌ Database connection failed:","service":"yimmenu-auth","timestamp":"2026-02-25 14:20:37"}
{"error":"Invalid URL","level":"error","message":"❌ Database connection failed:","service":"yimmenu-auth","timestamp":"2026-02-25 14:20:42"}
{"error":"Invalid URL","level":"error","message":"❌ Database connection failed:","service":"yimmenu-auth","timestamp":"2026-02-25 14:20:47"}
{"error":"Invalid URL","level":"error","message":"❌ Database connection failed:","service":"yimmenu-auth","timestamp":"2026-02-25 14:20:52"}
{"error":"Invalid URL","level":"error","message":"❌ Database connection failed:","service":"yimmenu-auth","timestamp":"2026-02-25 14:20:57"}
{"error":"Invalid URL","level":"error","message":"❌ Database connection failed:","service":"yimmenu-auth","timestamp":"2026-02-25 14:21:02"}
{"error":"Invalid URL","level":"error","message":"❌ Database connection failed:","service":"yimmenu-auth","timestamp":"2026-02-25 14:21:07"}
{"error":"Invalid URL","level":"error","message":"❌ Database connection failed:","service":"yimmenu-auth","timestamp":"2026-02-25 14:21:12"}
{"error":"Invalid URL","level":"error","message":"❌ Database connection failed:","service":"yimmenu-auth","timestamp":"2026-02-25 14:21:17"}
{"error":"Invalid URL","level":"error","message":"❌ Database connection failed:","service":"yimmenu-auth","timestamp":"2026-02-25 14:21:22"}
{"error":"Invalid URL","level":"error","message":"❌ Database connection failed:","service":"yimmenu-auth","timestamp":"2026-02-25 14:21:27"}
{"error":"Invalid URL","level":"error","message":"❌ Database connection failed:","service":"yimmenu-auth","timestamp":"2026-02-25 14:21:32"}
{"error":"Invalid URL","level":"error","message":"❌ Database connection failed:","service":"yimmenu-auth","timestamp":"2026-02-25 14:21:37"}
{"error":"Invalid URL","level":"error","message":"❌ Database connection failed:","service":"yimmenu-auth","timestamp":"2026-02-25 14:21:42"}
{"error":"Invalid URL","level":"error","message":"❌ Database connection failed:","service":"yimmenu-auth","timestamp":"2026-02-25 14:21:47"}
{"error":"Invalid URL","level":"error","message":"❌ Database connection failed:","service":"yimmenu-auth","timestamp":"2026-02-25 14:21:52"}
{"error":"Invalid URL","level":"error","message":"❌ Database connection failed:","service":"yimmenu-auth","timestamp":"2026-02-25 14:21:57"}
{"error":"Invalid URL","level":"error","message":"❌ Database connection failed:","service":"yimmenu-auth","timestamp":"2026-02-25 14:22:02"}
{"error":"Invalid URL","level":"error","message":"❌ Database connection failed:","service":"yimmenu-auth","timestamp":"2026-02-25 14:22:07"}
{"error":"Invalid URL","level":"error","message":"❌ Database connection failed:","service":"yimmenu-auth","timestamp":"2026-02-25 14:22:12"}
{"error":"Invalid URL","level":"error","message":"❌ Database connection failed:","service":"yimmenu-auth","timestamp":"2026-02-25 14:22:17"}
{"error":"Invalid URL","level":"error","message":"❌ Database connection failed:","service":"yimmenu-auth","timestamp":"2026-02-25 14:22:22"}
{"error":"Invalid URL","level":"error","message":"❌ Database connection failed:","service":"yimmenu-auth","timestamp":"2026-02-25 14:22:27"}
{"error":"Invalid URL","level":"error","message":"❌ Database connection failed:","service":"yimmenu-auth","timestamp":"2026-02-25 14:22:32"}
{"error":"Invalid URL","level":"error","message":"❌ Database connection failed:","service":"yimmenu-auth","timestamp":"2026-02-25 14:22:37"}
{"error":"Invalid URL","level":"error","message":"❌ Database connection failed:","service":"yimmenu-auth","timestamp":"2026-02-25 14:22:42"}
{"error":"Invalid URL","level":"error","message":"❌ Database connection failed:","service":"yimmenu-auth","timestamp":"2026-02-25 14:22:47"}
{"error":"Invalid URL","level":"error","message":"❌ Database connection failed:","service":"yimmenu-auth","timestamp":"2026-02-25 14:22:52"}
{"error":"Invalid URL","level":"error","message":"❌ Database connection failed:","service":"yimmenu-auth","timestamp":"2026-02-25 14:22:57"}
{"error":"Invalid URL","level":"error","message":"❌ Database connection failed:","service":"yimmenu-auth","timestamp":"2026-02-25 14:23:02"}
{"error":"Invalid URL","level":"error","message":"❌ Database connection failed:","service":"yimmenu-auth","timestamp":"2026-02-25 14:23:07"}
{"error":"Invalid URL","level":"error","message":"❌ Database connection failed:","service":"yimmenu-auth","timestamp":"2026-02-25 14:23:12"}
{"error":"Invalid URL","level":"error","message":"❌ Database connection failed:","service":"yimmenu-auth","timestamp":"2026-02-25 14:23:17"}
{"error":"Invalid URL","level":"error","message":"❌ Database connection failed:","service":"yimmenu-auth","timestamp":"2026-02-25 14:23:22"}
{"error":"Invalid URL","level":"error","message":"❌ Database connection failed:","service":"yimmenu-auth","timestamp":"2026-02-25 14:23:27"}
{"error":"Invalid URL","level":"error","message":"❌ Database connection failed:","service":"yimmenu-auth","timestamp":"2026-02-25 14:23:32"}
{"error":"Invalid URL","level":"error","message":"❌ Database connection failed:","service":"yimmenu-auth","timestamp":"2026-02-25 14:23:37"}
{"error":"Invalid URL","level":"error","message":"❌ Database connection failed:","service":"yimmenu-auth","timestamp":"2026-02-25 14:23:42"}
{"error":"Invalid URL","level":"error","message":"❌ Database connection failed:","service":"yimmenu-auth","timestamp":"2026-02-25 14:23:47"}
{"error":"Invalid URL","level":"error","message":"❌ Database connection failed:","service":"yimmenu-auth","timestamp":"2026-02-25 14:23:52"}
{"error":"Invalid URL","level":"error","message":"❌ Database connection failed:","service":"yimmenu-auth","timestamp":"2026-02-25 14:23:57"}
{"error":"Invalid URL","level":"error","message":"❌ Database connection failed:","service":"yimmenu-auth","timestamp":"2026-02-25 14:24:02"}
{"error":"Invalid URL","level":"error","message":"❌ Database connection failed:","service":"yimmenu-auth","timestamp":"2026-02-25 14:24:07"}
{"error":"Invalid URL","level":"error","message":"❌ Database connection failed:","service":"yimmenu-auth","timestamp":"2026-02-25 14:24:12"}
{"error":"Invalid URL","level":"error","message":"❌ Database connection failed:","service":"yimmenu-auth","timestamp":"2026-02-25 14:24:17"}
{"error":"Invalid URL","level":"error","message":"❌ Database connection failed:","service":"yimmenu-auth","timestamp":"2026-02-25 14:24:22"}
{"error":"Invalid URL","level":"error","message":"❌ Database connection failed:","service":"yimmenu-auth","timestamp":"2026-02-25 14:24:27"}
{"error":"Invalid URL","level":"error","message":"❌ Database connection failed:","service":"yimmenu-auth","timestamp":"2026-02-25 14:24:32"}
{"error":"Invalid URL","level":"error","message":"❌ Database connection failed:","service":"yimmenu-auth","timestamp":"2026-02-25 14:24:37"}
{"error":"Invalid URL","level":"error","message":"❌ Database connection failed:","service":"yimmenu-auth","timestamp":"2026-02-25 14:24:42"}
{"error":"Invalid URL","level":"error","message":"❌ Database connection failed:","service":"yimmenu-auth","timestamp":"2026-02-25 14:24:47"}
{"error":"Invalid URL","level":"error","message":"❌ Database connection failed:","service":"yimmenu-auth","timestamp":"2026-02-25 14:24:52"}
{"error":"Invalid URL","level":"error","message":"❌ Database connection failed:","service":"yimmenu-auth","timestamp":"2026-02-25 14:24:57"}
{"error":"Invalid URL","level":"error","message":"❌ Database connection failed:","service":"yimmenu-auth","timestamp":"2026-02-25 14:25:02"}
{"error":"Invalid URL","level":"error","message":"❌ Database connection failed:","service":"yimmenu-auth","timestamp":"2026-02-25 14:25:07"}
{"error":"Invalid URL","level":"error","message":"❌ Database connection failed:","service":"yimmenu-auth","timestamp":"2026-02-25 14:25:13"}
{"error":"Invalid URL","level":"error","message":"❌ Database connection failed:","service":"yimmenu-auth","timestamp":"2026-02-25 14:25:18"}
{"error":"Invalid URL","level":"error","message":"❌ Database connection failed:","service":"yimmenu-auth","timestamp":"2026-02-25 14:25:23"}
{"error":"Invalid URL","level":"error","message":"❌ Database connection failed:","service":"yimmenu-auth","timestamp":"2026-02-25 14:25:28"}
{"error":"Invalid URL","level":"error","message":"❌ Database connection failed:","service":"yimmenu-auth","timestamp":"2026-02-25 14:25:33"}
{"error":"Invalid URL","level":"error","message":"❌ Database connection failed:","service":"yimmenu-auth","timestamp":"2026-02-25 14:25:38"}
{"error":"Invalid URL","level":"error","message":"❌ Database connection failed:","service":"yimmenu-auth","timestamp":"2026-02-25 14:25:43"}
{"error":"Invalid URL","level":"error","message":"❌ Database connection failed:","service":"yimmenu-auth","timestamp":"2026-02-25 14:25:48"}
{"error":"Invalid URL","level":"error","message":"❌ Database connection failed:","service":"yimmenu-auth","timestamp":"2026-02-25 14:25:53"}
{"error":"Invalid URL","level":"error","message":"❌ Database connection failed:","service":"yimmenu-auth","timestamp":"2026-02-25 14:25:58"}
{"error":"Invalid URL","level":"error","message":"❌ Database connection failed:","service":"yimmenu-auth","timestamp":"2026-02-25 14:26:03"}
{"error":"Invalid URL","level":"error","message":"❌ Database connection failed:","service":"yimmenu-auth","timestamp":"2026-02-25 14:26:08"}
{"error":"Invalid URL","level":"error","message":"❌ Database connection failed:","service":"yimmenu-auth","timestamp":"2026-02-25 14:26:13"}
{"error":"Invalid URL","level":"error","message":"❌ Database connection failed:","service":"yimmenu-auth","timestamp":"2026-02-25 14:26:18"}
{"error":"Invalid URL","level":"error","message":"❌ Database connection failed:","service":"yimmenu-auth","timestamp":"2026-02-25 14:26:23"}
{"error":"Invalid URL","level":"error","message":"❌ Database connection failed:","service":"yimmenu-auth","timestamp":"2026-02-25 14:26:28"}
{"error":"Invalid URL","level":"error","message":"❌ Database connection failed:","service":"yimmenu-auth","timestamp":"2026-02-25 14:26:33"}
{"error":"Invalid URL","level":"error","message":"❌ Database connection failed:","service":"yimmenu-auth","timestamp":"2026-02-25 14:26:38"}
{"error":"Invalid URL","level":"error","message":"❌ Database connection failed:","service":"yimmenu-auth","timestamp":"2026-02-25 14:26:43"}
{"error":"Invalid URL","level":"error","message":"❌ Database connection failed:","service":"yimmenu-auth","timestamp":"2026-02-25 14:26:48"}
{"error":"Invalid URL","level":"error","message":"❌ Database connection failed:","service":"yimmenu-auth","timestamp":"2026-02-25 14:26:53"}
{"error":"Invalid URL","level":"error","message":"❌ Database connection failed:","service":"yimmenu-auth","timestamp":"2026-02-25 14:26:58"}
{"error":"Invalid URL","level":"error","message":"❌ Database connection failed:","service":"yimmenu-auth","timestamp":"2026-02-25 14:27:03"}
{"error":"Invalid URL","level":"error","message":"❌ Database connection failed:","service":"yimmenu-auth","timestamp":"2026-02-25 14:27:08"}
{"error":"Invalid URL","level":"error","message":"❌ Database connection failed:","service":"yimmenu-auth","timestamp":"2026-02-25 14:27:13"}
{"error":"Invalid URL","level":"error","message":"❌ Database connection failed:","service":"yimmenu-auth","timestamp":"2026-02-25 14:27:18"}
{"error":"Invalid URL","level":"error","message":"❌ Database connection failed:","service":"yimmenu-auth","timestamp":"2026-02-25 14:27:23"}
{"error":"Invalid URL","level":"error","message":"❌ Database connection failed:","service":"yimmenu-auth","timestamp":"2026-02-25 14:27:28"}
{"error":"Invalid URL","level":"error","message":"❌ Database connection failed:","service":"yimmenu-auth","timestamp":"2026-02-25 14:27:33"}
{"error":"Invalid URL","level":"error","message":"❌ Database connection failed:","service":"yimmenu-auth","timestamp":"2026-02-25 14:27:38"}
{"error":"Invalid URL","level":"error","message":"❌ Database connection failed:","service":"yimmenu-auth","timestamp":"2026-02-25 14:27:43"}
{"error":"Invalid URL","level":"error","message":"❌ Database connection failed:","service":"yimmenu-auth","timestamp":"2026-02-25 14:27:48"}
{"error":"Invalid URL","level":"error","message":"❌ Database connection failed:","service":"yimmenu-auth","timestamp":"2026-02-25 14:27:53"}
{"count":5,"ip":"127.0.0.1","level":"info","message":"Generate keys requested","privilege":3,"service":"yimmenu-auth","timestamp":"2026-02-25 14:27:54"}
{"error":"Invalid URL","level":"error","message":"Generate keys error:","service":"yimmenu-auth","stack":"TypeError: Invalid URL\n    at new URL (node:internal/url:806:29)\n    at parse (C:\\Users\\Serch\\Documents\\GitHub\\Yimmenu\\YimMenu\\node_modules\\pg-connection-string\\index.js:30:16)\n    at new ConnectionParameters (C:\\Users\\Serch\\Documents\\GitHub\\Yimmenu\\YimMenu\\node_modules\\pg\\lib\\connection-parameters.js:60:42)\n    at new Client (C:\\Users\\Serch\\Documents\\GitHub\\Yimmenu\\YimMenu\\node_modules\\pg\\lib\\client.js:43:33)\n    at BoundPool.newClient (C:\\Users\\Serch\\Documents\\GitHub\\Yimmenu\\YimMenu\\node_modules\\pg-pool\\index.js:233:20)\n    at BoundPool.connect (C:\\Users\\Serch\\Documents\\GitHub\\Yimmenu\\YimMenu\\node_modules\\pg-pool\\index.js:227:10)\n    at BoundPool.query (C:\\Users\\Serch\\Documents\\GitHub\\Yimmenu\\YimMenu\\node_modules\\pg-pool\\index.js:419:10)\n    at C:\\Users\\Serch\\Documents\\GitHub\\Yimmenu\\YimMenu\\server.js:696:22\n    at Layer.handle [as handle_request] (C:\\Users\\Serch\\Documents\\GitHub\\Yimmenu\\YimMenu\\node_modules\\express\\lib\\router\\layer.js:95:5)\n    at next (C:\\Users\\Serch\\Documents\\GitHub\\Yimmenu\\YimMenu\\node_modules\\express\\lib\\router\\route.js:149:13)","timestamp":"2026-02-25 14:27:54"}
{"error":"Invalid URL","level":"error","message":"❌ Database connection failed:","service":"yimmenu-auth","timestamp":"2026-02-25 14:27:58"}
{"error":"Invalid URL","level":"error","message":"❌ Database connection failed:","service":"yimmenu-auth","timestamp":"2026-02-25 14:28:03"}
